0 info it worked if it ends with ok
1 verbose cli [ '/usr/local/bin/node', '/usr/local/bin/npm', 'run', 'watch' ]
2 info using npm@2.15.8
3 info using node@v4.4.7
4 verbose run-script [ 'prewatch', 'watch', 'postwatch' ]
5 info prewatch react-starterify@2.4.1
6 info watch react-starterify@2.4.1
7 verbose unsafe-perm in lifecycle true
8 info react-starterify@2.4.1 Failed to exec watch script
9 verbose stack Error: react-starterify@2.4.1 watch: `gulp watch`
9 verbose stack spawn ENOENT
9 verbose stack     at ChildProcess.<anonymous> (/usr/local/lib/node_modules/npm/lib/utils/spawn.js:17:16)
9 verbose stack     at emitTwo (events.js:87:13)
9 verbose stack     at ChildProcess.emit (events.js:172:7)
9 verbose stack     at maybeClose (internal/child_process.js:827:16)
9 verbose stack     at Process.ChildProcess._handle.onexit (internal/child_process.js:211:5)
10 verbose pkgid react-starterify@2.4.1
11 verbose cwd /Users/pPapy/Desktop/Code First/foodtracker/Competition/F CODE!
12 error Darwin 15.6.0
13 error argv "/usr/local/bin/node" "/usr/local/bin/npm" "run" "watch"
14 error node v4.4.7
15 error npm  v2.15.8
16 error file sh
17 error code ELIFECYCLE
18 error errno ENOENT
19 error syscall spawn
20 error react-starterify@2.4.1 watch: `gulp watch`
20 error spawn ENOENT
21 error Failed at the react-starterify@2.4.1 watch script 'gulp watch'.
21 error This is most likely a problem with the react-starterify package,
21 error not with npm itself.
21 error Tell the author that this fails on your system:
21 error     gulp watch
21 error You can get information on how to open an issue for this project with:
21 error     npm bugs react-starterify
21 error Or if that isn't available, you can get their info via:
21 error
21 error     npm owner ls react-starterify
21 error There is likely additional logging output above.
22 verbose exit [ 1, true ]
